/usr/bin/ruby -r ./siteconf20141126-14595-y6dxcm.rb extconf.rb 
checking for pg_config... yes
Using config values from /usr/bin/pg_config
checking for libpq-fe.h... yes
checking for libpq/libpq-fs.h... yes
checking for pg_config_manual.h... yes
checking for PQconnectdb() in -lpq... yes
checking for PQconnectionUsedPassword()... yes
checking for PQisthreadsafe()... yes
checking for PQprepare()... yes
checking for PQexecParams()... yes
checking for PQescapeString()... yes
checking for PQescapeStringConn()... yes
checking for PQescapeLiteral()... yes
checking for PQescapeIdentifier()... yes
checking for PQgetCancel()... yes
checking for lo_create()... yes
checking for pg_encoding_to_char()... yes
checking for pg_char_to_encoding()... yes
checking for PQsetClientEncoding()... yes
checking for PQlibVersion()... yes
checking for PQping()... yes
checking for PQsetSingleRowMode()... yes
checking for rb_encdb_alias()... yes
checking for rb_enc_alias()... no
checking for rb_thread_call_without_gvl()... yes
checking for rb_thread_call_with_gvl()... yes
checking for rb_thread_fd_select()... yes
checking for rb_w32_wrap_io_handle()... no
checking for PGRES_COPY_BOTH in libpq-fe.h... yes
checking for PGRES_SINGLE_TUPLE in libpq-fe.h... yes
checking for PG_DIAG_TABLE_NAME in libpq-fe.h... no
checking for struct pgNotify.extra in libpq-fe.h... yes
checking for unistd.h... yes
checking for ruby/st.h... yes
creating extconf.h
creating Makefile

make "DESTDIR=" clean
rm -f 
rm -f pg_ext.so  *.o  *.bak mkmf.log .*.time

make "DESTDIR="
gcc -I. -I/usr/include -I/usr/include/ruby/backward -I/usr/include -I. -DRUBY_EXTCONF_H=\"extconf.h\" -I/usr/include    -fPIC -O2 -g -pipe -Wall -Wp,-D_FORTIFY_SOURCE=2 -fexceptions -fstack-protector-strong --param=ssp-buffer-size=4 -grecord-gcc-switches -mtune=generic -fPIC -m64 -o gvl_wrappers.o -c gvl_wrappers.c
gcc -I. -I/usr/include -I/usr/include/ruby/backward -I/usr/include -I. -DRUBY_EXTCONF_H=\"extconf.h\" -I/usr/include    -fPIC -O2 -g -pipe -Wall -Wp,-D_FORTIFY_SOURCE=2 -fexceptions -fstack-protector-strong --param=ssp-buffer-size=4 -grecord-gcc-switches -mtune=generic -fPIC -m64 -o pg.o -c pg.c
gcc -I. -I/usr/include -I/usr/include/ruby/backward -I/usr/include -I. -DRUBY_EXTCONF_H=\"extconf.h\" -I/usr/include    -fPIC -O2 -g -pipe -Wall -Wp,-D_FORTIFY_SOURCE=2 -fexceptions -fstack-protector-strong --param=ssp-buffer-size=4 -grecord-gcc-switches -mtune=generic -fPIC -m64 -o pg_connection.o -c pg_connection.c
gcc -I. -I/usr/include -I/usr/include/ruby/backward -I/usr/include -I. -DRUBY_EXTCONF_H=\"extconf.h\" -I/usr/include    -fPIC -O2 -g -pipe -Wall -Wp,-D_FORTIFY_SOURCE=2 -fexceptions -fstack-protector-strong --param=ssp-buffer-size=4 -grecord-gcc-switches -mtune=generic -fPIC -m64 -o pg_errors.o -c pg_errors.c
gcc -I. -I/usr/include -I/usr/include/ruby/backward -I/usr/include -I. -DRUBY_EXTCONF_H=\"extconf.h\" -I/usr/include    -fPIC -O2 -g -pipe -Wall -Wp,-D_FORTIFY_SOURCE=2 -fexceptions -fstack-protector-strong --param=ssp-buffer-size=4 -grecord-gcc-switches -mtune=generic -fPIC -m64 -o pg_result.o -c pg_result.c
rm -f pg_ext.so
gcc -shared -o pg_ext.so gvl_wrappers.o pg.o pg_connection.o pg_errors.o pg_result.o -L. -L/usr/lib64 -L/usr/lib64 -L. -Wl,-z,relro -fstack-protector -rdynamic -Wl,-export-dynamic -Wl,-rpath,/usr/lib64  -m64  -lruby -lpq  -lpthread -lrt -ldl -lcrypt -lm   -lc

make "DESTDIR=" install
/usr/bin/mkdir -p ./.gem.20141126-14595-xvmpih
exit > .RUBYARCHDIR.time
/usr/bin/install -c -m 0755 pg_ext.so ./.gem.20141126-14595-xvmpih
